<?xml version="1.0" encoding="utf-8"?><testsuites name="pytest tests"><testsuite name="pytest" errors="0" failures="0" skipped="0" tests="20" time="20.992" timestamp="2026-03-25T23:11:58.670613+00:00" hostname="agent-env-4acc7c98-19f5-437b-a314-f397ed3a6a81"><testcase classname="backend.tests.test_superadmin_edit_features.TestSuperadminOrderEdit" name="test_superadmin_can_update_customer_name" time="3.364" /><testcase classname="backend.tests.test_superadmin_edit_features.TestSuperadminOrderEdit" name="test_superadmin_can_update_phone" time="0.759" /><testcase classname="backend.tests.test_superadmin_edit_features.TestSuperadminOrderEdit" name="test_superadmin_can_update_email" time="0.760" /><testcase classname="backend.tests.test_superadmin_edit_features.TestSuperadminOrderEdit" name="test_superadmin_can_update_vehicle_fields" time="0.768" /><testcase classname="backend.tests.test_superadmin_edit_features.TestSuperadminOrderEdit" name="test_superadmin_can_update_pickup_location" time="0.794" /><testcase classname="backend.tests.test_superadmin_edit_features.TestSuperadminOrderEdit" name="test_superadmin_can_update_delivery_location" time="0.783" /><testcase classname="backend.tests.test_superadmin_edit_features.TestSuperadminOrderEdit" name="test_superadmin_can_update_agent_name" time="0.746" /><testcase classname="backend.tests.test_superadmin_edit_features.TestSuperadminOrderEdit" name="test_superadmin_can_update_source" time="0.721" /><testcase classname="backend.tests.test_superadmin_edit_features.TestSuperadminInvoiceBrandingEdit" name="test_superadmin_can_update_company_name" time="1.669" /><testcase classname="backend.tests.test_superadmin_edit_features.TestSuperadminInvoiceBrandingEdit" name="test_superadmin_can_update_company_subtitle" time="0.742" /><testcase classname="backend.tests.test_superadmin_edit_features.TestSuperadminInvoiceBrandingEdit" name="test_superadmin_can_update_company_dot" time="0.763" /><testcase classname="backend.tests.test_superadmin_edit_features.TestSuperadminInvoiceBrandingEdit" name="test_superadmin_can_update_document_title" time="0.976" /><testcase classname="backend.tests.test_superadmin_edit_features.TestSuperadminInvoiceBrandingEdit" name="test_superadmin_can_update_all_branding_fields_together" time="0.765" /><testcase classname="backend.tests.test_superadmin_edit_features.TestSignedInvoiceAccessControl" name="test_superadmin_can_sign_invoice" time="1.497" /><testcase classname="backend.tests.test_superadmin_edit_features.TestSignedInvoiceAccessControl" name="test_superadmin_can_edit_signed_invoice" time="1.693" /><testcase classname="backend.tests.test_superadmin_edit_features.TestInvoiceFieldsEditable" name="test_superadmin_can_edit_terms" time="0.790" /><testcase classname="backend.tests.test_superadmin_edit_features.TestInvoiceFieldsEditable" name="test_superadmin_can_edit_pricing" time="0.806" /><testcase classname="backend.tests.test_superadmin_edit_features.TestInvoiceFieldsEditable" name="test_superadmin_can_edit_customer_info" time="0.738" /><testcase classname="backend.tests.test_superadmin_edit_features.TestInvoiceFieldsEditable" name="test_superadmin_can_edit_vehicle_info" time="0.736" /><testcase classname="backend.tests.test_superadmin_edit_features.TestInvoiceFieldsEditable" name="test_superadmin_can_edit_route_info" time="0.745" /></testsuite></testsuites>