<?xml version="1.0" encoding="utf-8"?><testsuites name="pytest tests"><testsuite name="pytest" errors="0" failures="0" skipped="0" tests="10" time="30.129" timestamp="2026-03-25T21:29:06.983898+00:00" hostname="agent-env-ab6e978e-0158-4fed-ba61-1ee8cf192ead"><testcase classname="backend.tests.test_revenue_features.TestRevenueFeatures" name="test_dashboard_stats_has_revenue_fields" time="11.794" /><testcase classname="backend.tests.test_revenue_features.TestRevenueFeatures" name="test_get_orders_for_revenue_test" time="1.898" /><testcase classname="backend.tests.test_revenue_features.TestRevenueFeatures" name="test_submit_revenue_form" time="3.084" /><testcase classname="backend.tests.test_revenue_features.TestRevenueFeatures" name="test_get_revenue_forms" time="1.659" /><testcase classname="backend.tests.test_revenue_features.TestRevenueFeatures" name="test_get_revenue_by_order" time="2.379" /><testcase classname="backend.tests.test_revenue_features.TestRevenueFeatures" name="test_revenue_admin_summary" time="1.870" /><testcase classname="backend.tests.test_revenue_features.TestRevenueFeatures" name="test_revenue_form_invalid_order" time="1.647" /><testcase classname="backend.tests.test_revenue_features.TestUserSpecificLeads" name="test_get_leads_as_superadmin" time="1.681" /><testcase classname="backend.tests.test_revenue_features.TestQuotesTableCleanup" name="test_get_quotes_returns_expected_fields" time="1.670" /><testcase classname="backend.tests.test_revenue_features.TestOrderPaymentMethod" name="test_update_order_payment_method" time="2.293" /></testsuite></testsuites>