<?xml version="1.0" encoding="utf-8"?><testsuites name="pytest tests"><testsuite name="pytest" errors="0" failures="0" skipped="0" tests="18" time="8.539" timestamp="2026-03-23T21:26:45.763627+00:00" hostname="agent-env-8bae139a-b25f-4fc8-a464-42c915bfba38"><testcase classname="backend.tests.test_lead_notifications.TestVendorLeadIntake" name="test_lead_intake_valid_api_key" time="1.388" /><testcase classname="backend.tests.test_lead_notifications.TestVendorLeadIntake" name="test_lead_intake_invalid_api_key" time="0.099" /><testcase classname="backend.tests.test_lead_notifications.TestVendorLeadIntake" name="test_lead_intake_no_api_key" time="0.103" /><testcase classname="backend.tests.test_lead_notifications.TestVendorLeadIntake" name="test_lead_intake_nested_vehicle_object" time="0.325" /><testcase classname="backend.tests.test_lead_notifications.TestVendorLeadIntake" name="test_lead_intake_flat_vehicle_fields" time="0.349" /><testcase classname="backend.tests.test_lead_notifications.TestVendorLeadIntake" name="test_lead_intake_location_parsing" time="0.346" /><testcase classname="backend.tests.test_lead_notifications.TestVendorLeadIntake" name="test_lead_intake_creates_notification" time="0.939" /><testcase classname="backend.tests.test_lead_notifications.TestLeadSpecs" name="test_get_lead_specs" time="0.097" /><testcase classname="backend.tests.test_lead_notifications.TestAPIKeyManagement" name="test_get_vendor_api_key_superadmin" time="0.105" /><testcase classname="backend.tests.test_lead_notifications.TestAPIKeyManagement" name="test_regenerate_api_key" time="0.429" /><testcase classname="backend.tests.test_lead_notifications.TestNotifications" name="test_get_notifications" time="0.091" /><testcase classname="backend.tests.test_lead_notifications.TestNotifications" name="test_get_notifications_unread_only" time="0.107" /><testcase classname="backend.tests.test_lead_notifications.TestNotifications" name="test_mark_notification_read" time="1.009" /><testcase classname="backend.tests.test_lead_notifications.TestNotifications" name="test_mark_all_read" time="0.999" /><testcase classname="backend.tests.test_lead_notifications.TestSSEStream" name="test_sse_stream_valid_token" time="0.108" /><testcase classname="backend.tests.test_lead_notifications.TestSSEStream" name="test_sse_stream_invalid_token" time="0.114" /><testcase classname="backend.tests.test_lead_notifications.TestSSEStream" name="test_sse_stream_no_token" time="0.086" /><testcase classname="backend.tests.test_lead_notifications.TestCleanup" name="test_cleanup_test_leads" time="1.645" /></testsuite></testsuites>