<?xml version="1.0" encoding="utf-8"?><testsuites name="pytest tests"><testsuite name="pytest" errors="0" failures="0" skipped="0" tests="24" time="5.833" timestamp="2026-03-26T12:57:35.879606+00:00" hostname="agent-env-4acc7c98-19f5-437b-a314-f397ed3a6a81"><testcase classname="backend.tests.test_iteration13_features.TestLeadEmailDelivery" name="test_get_lead_email" time="1.045" /><testcase classname="backend.tests.test_iteration13_features.TestLeadEmailDelivery" name="test_regenerate_lead_email" time="0.531" /><testcase classname="backend.tests.test_iteration13_features.TestLeadEmailDelivery" name="test_email_incoming_creates_lead" time="0.138" /><testcase classname="backend.tests.test_iteration13_features.TestLeadEmailDelivery" name="test_email_incoming_requires_api_key" time="0.133" /><testcase classname="backend.tests.test_iteration13_features.TestLeadEmailDelivery" name="test_email_incoming_invalid_api_key" time="0.108" /><testcase classname="backend.tests.test_iteration13_features.TestVendorAPIRoutes" name="test_leads_specs_public_no_auth" time="0.118" /><testcase classname="backend.tests.test_iteration13_features.TestVendorAPIRoutes" name="test_vendor_docs_public_html" time="0.124" /><testcase classname="backend.tests.test_iteration13_features.TestVendorAPIRoutes" name="test_leads_incoming_get_redirects" time="0.167" /><testcase classname="backend.tests.test_iteration13_features.TestReminderCRUD" name="test_create_reminder" time="0.126" /><testcase classname="backend.tests.test_iteration13_features.TestReminderCRUD" name="test_create_reminder_dispatch_type" time="0.118" /><testcase classname="backend.tests.test_iteration13_features.TestReminderCRUD" name="test_create_reminder_follow_up_type" time="0.144" /><testcase classname="backend.tests.test_iteration13_features.TestReminderCRUD" name="test_create_reminder_custom_type" time="0.158" /><testcase classname="backend.tests.test_iteration13_features.TestReminderCRUD" name="test_get_reminders_list" time="0.136" /><testcase classname="backend.tests.test_iteration13_features.TestReminderCRUD" name="test_get_reminders_with_date_filter" time="0.218" /><testcase classname="backend.tests.test_iteration13_features.TestReminderCRUD" name="test_get_reminders_with_status_filter" time="0.117" /><testcase classname="backend.tests.test_iteration13_features.TestReminderCRUD" name="test_get_today_reminders" time="0.107" /><testcase classname="backend.tests.test_iteration13_features.TestReminderCRUD" name="test_update_reminder" time="0.287" /><testcase classname="backend.tests.test_iteration13_features.TestReminderCRUD" name="test_update_reminder_not_found" time="0.180" /><testcase classname="backend.tests.test_iteration13_features.TestReminderCRUD" name="test_delete_reminder" time="0.312" /><testcase classname="backend.tests.test_iteration13_features.TestReminderCRUD" name="test_delete_reminder_not_found" time="0.117" /><testcase classname="backend.tests.test_iteration13_features.TestReminderPermissions" name="test_admin_sees_all_reminders" time="0.131" /><testcase classname="backend.tests.test_iteration13_features.TestReminderPermissions" name="test_admin_can_filter_by_user" time="0.106" /><testcase classname="backend.tests.test_iteration13_features.TestCleanup" name="test_cleanup_test_reminders" time="0.767" /><testcase classname="backend.tests.test_iteration13_features.TestCleanup" name="test_cleanup_test_leads" time="0.133" /></testsuite></testsuites>