<?xml version="1.0" encoding="utf-8"?><testsuites name="pytest tests"><testsuite name="pytest" errors="0" failures="0" skipped="0" tests="18" time="8.347" timestamp="2026-03-27T16:47:47.340087+00:00" hostname="agent-env-a13e3fcd-de86-4858-8dcf-dac05e78fb4e"><testcase classname="backend.tests.test_iteration15_features.TestSidebarCounts" name="test_sidebar_counts_returns_new_leads_and_unread_chat" time="0.935" /><testcase classname="backend.tests.test_iteration15_features.TestSidebarCounts" name="test_sidebar_counts_requires_auth" time="0.320" /><testcase classname="backend.tests.test_iteration15_features.TestEmailWebhook" name="test_email_webhook_creates_lead_from_form_data" time="0.115" /><testcase classname="backend.tests.test_iteration15_features.TestEmailWebhook" name="test_email_webhook_handles_json_body" time="0.098" /><testcase classname="backend.tests.test_iteration15_features.TestEmailWebhook" name="test_email_webhook_no_auth_required" time="0.101" /><testcase classname="backend.tests.test_iteration15_features.TestEmailConfig" name="test_get_email_config" time="0.485" /><testcase classname="backend.tests.test_iteration15_features.TestEmailConfig" name="test_update_email_config" time="0.269" /><testcase classname="backend.tests.test_iteration15_features.TestEmailConfig" name="test_email_config_requires_superadmin" time="0.108" /><testcase classname="backend.tests.test_iteration15_features.TestEmailTemplates" name="test_get_email_templates" time="0.540" /><testcase classname="backend.tests.test_iteration15_features.TestEmailTemplates" name="test_update_email_template" time="0.330" /><testcase classname="backend.tests.test_iteration15_features.TestEmailTemplates" name="test_preview_email_template" time="0.134" /><testcase classname="backend.tests.test_iteration15_features.TestEmailLogs" name="test_get_email_logs" time="0.473" /><testcase classname="backend.tests.test_iteration15_features.TestEmailLogs" name="test_email_logs_requires_superadmin" time="0.098" /><testcase classname="backend.tests.test_iteration15_features.TestPhoneSearch" name="test_leads_search_by_phone" time="0.707" /><testcase classname="backend.tests.test_iteration15_features.TestPhoneSearch" name="test_leads_search_by_phone2" time="0.230" /><testcase classname="backend.tests.test_iteration15_features.TestPhoneSearch" name="test_quotes_search_by_phone" time="0.455" /><testcase classname="backend.tests.test_iteration15_features.TestPhoneSearch" name="test_orders_search_by_phone" time="0.136" /><testcase classname="backend.tests.test_iteration15_features.TestTestEmailSend" name="test_send_test_email" time="2.621" /></testsuite></testsuites>