<?xml version="1.0" encoding="utf-8"?><testsuites name="pytest tests"><testsuite name="pytest" errors="0" failures="0" skipped="0" tests="9" time="74.614" timestamp="2026-03-25T21:01:42.440937+00:00" hostname="agent-env-ab6e978e-0158-4fed-ba61-1ee8cf192ead"><testcase classname="backend.tests.test_new_features.TestLeadPricing" name="test_get_lead_pricing_returns_all_types" time="51.933" /><testcase classname="backend.tests.test_new_features.TestLeadPricing" name="test_get_lead_pricing_404_for_invalid_id" time="0.984" /><testcase classname="backend.tests.test_new_features.TestLeadApprove" name="test_approve_lead_with_all_pricing_types" time="2.598" /><testcase classname="backend.tests.test_new_features.TestLeadApprove" name="test_approve_already_quoted_fails" time="0.750" /><testcase classname="backend.tests.test_new_features.TestLeadApprove" name="test_approve_invalid_lead_404" time="0.732" /><testcase classname="backend.tests.test_new_features.TestQuotePricingUpdate" name="test_update_quote_with_all_pricing_types" time="2.628" /><testcase classname="backend.tests.test_new_features.TestOrderPricingUpdate" name="test_update_order_with_all_pricing_types" time="3.419" /><testcase classname="backend.tests.test_new_features.TestDistanceCalculation" name="test_la_to_houston_distance" time="4.745" /><testcase classname="backend.tests.test_new_features.TestCleanup" name="test_cleanup_test_data" time="6.478" /></testsuite></testsuites>