<?xml version="1.0" encoding="utf-8"?><testsuites name="pytest tests"><testsuite name="pytest" errors="0" failures="1" skipped="0" tests="20" time="82.499" timestamp="2026-03-25T20:22:52.072261+00:00" hostname="agent-env-ab6e978e-0158-4fed-ba61-1ee8cf192ead"><testcase classname="backend.tests.test_agreements.TestAgreementSystem" name="test_01_create_agreement_from_order" time="23.759" /><testcase classname="backend.tests.test_agreements.TestAgreementSystem" name="test_02_get_agreements_list" time="1.801" /><testcase classname="backend.tests.test_agreements.TestAgreementSystem" name="test_03_get_agreements_with_search" time="1.725" /><testcase classname="backend.tests.test_agreements.TestAgreementSystem" name="test_04_get_agreements_with_status_filter" time="1.702" /><testcase classname="backend.tests.test_agreements.TestAgreementSystem" name="test_05_get_single_agreement" time="3.099" /><testcase classname="backend.tests.test_agreements.TestAgreementSystem" name="test_06_update_draft_agreement" time="2.997" /><testcase classname="backend.tests.test_agreements.TestAgreementSystem" name="test_07_agreement_not_found" time="1.698" /><testcase classname="backend.tests.test_agreements.TestAgreementSystem" name="test_08_send_agreement" time="2.985" /><testcase classname="backend.tests.test_agreements.TestAgreementSystem" name="test_09_sign_agreement_authenticated" time="3.673" /><testcase classname="backend.tests.test_agreements.TestAgreementSystem" name="test_10_void_agreement" time="3.431" /><testcase classname="backend.tests.test_agreements.TestAgreementSystem" name="test_11_delete_draft_agreement" time="3.909" /><testcase classname="backend.tests.test_agreements.TestAgreementSystem" name="test_12_cannot_delete_signed_agreement" time="4.464" /><testcase classname="backend.tests.test_agreements.TestAgreementSystem" name="test_13_cannot_edit_signed_agreement" time="4.313" /><testcase classname="backend.tests.test_agreements.TestAgreementSystem" name="test_14_get_public_agreement" time="3.037" /><testcase classname="backend.tests.test_agreements.TestAgreementSystem" name="test_15_public_sign_agreement" time="4.594" /><testcase classname="backend.tests.test_agreements.TestAgreementSystem" name="test_16_public_cannot_sign_voided_agreement" time="3.716" /><testcase classname="backend.tests.test_agreements.TestAgreementSystem" name="test_17_public_cannot_sign_already_signed" time="4.594" /><testcase classname="backend.tests.test_agreements.TestAgreementSystem" name="test_18_public_voided_agreement_returns_error" time="3.714" /><testcase classname="backend.tests.test_agreements.TestAgreementSystem" name="test_19_agreements_require_auth" time="1.351" /><testcase classname="backend.tests.test_agreements.TestCleanup" name="test_cleanup_test_agreements" time="1.679"><failure message="AttributeError: 'NoneType' object has no attribute 'startswith'">backend/tests/test_agreements.py:521: in test_cleanup_test_agreements
    if (agr.get("signer_name", "").startswith("TEST_") or
       ^^^^^^^^^^^^^^^^^^^^^^^^^^^^^^^^^^^^^
E   AttributeError: 'NoneType' object has no attribute 'startswith'</failure></testcase></testsuite></testsuites>