<?xml version="1.0" encoding="utf-8"?><testsuites name="pytest tests"><testsuite name="pytest" errors="0" failures="0" skipped="0" tests="10" time="29.282" timestamp="2026-03-25T22:09:38.618814+00:00" hostname="agent-env-4acc7c98-19f5-437b-a314-f397ed3a6a81"><testcase classname="backend.tests.test_invoice_features.TestInvoiceFeatures" name="test_generate_customer_invoice" time="2.828" /><testcase classname="backend.tests.test_invoice_features.TestInvoiceFeatures" name="test_generate_carrier_invoice" time="2.522" /><testcase classname="backend.tests.test_invoice_features.TestInvoiceFeatures" name="test_get_invoices_with_new_fields" time="2.532" /><testcase classname="backend.tests.test_invoice_features.TestInvoiceFeatures" name="test_update_invoice_as_superadmin" time="3.240" /><testcase classname="backend.tests.test_invoice_features.TestInvoiceFeatures" name="test_sign_invoice" time="3.053" /><testcase classname="backend.tests.test_invoice_features.TestInvoiceFeatures" name="test_sign_already_signed_invoice_fails" time="3.605" /><testcase classname="backend.tests.test_invoice_features.TestInvoiceFeatures" name="test_generate_invoice_invalid_order" time="2.559" /><testcase classname="backend.tests.test_invoice_features.TestInvoiceFeatures" name="test_invoice_terms_populated" time="2.997" /><testcase classname="backend.tests.test_invoice_features.TestInvoiceFeatures" name="test_invoice_cod_calculation" time="2.421" /><testcase classname="backend.tests.test_invoice_features.TestInvoiceRoleRestrictions" name="test_superadmin_can_edit_invoice" time="3.221" /></testsuite></testsuites>