<?xml version="1.0" encoding="utf-8"?><testsuites name="pytest tests"><testsuite name="pytest" errors="0" failures="0" skipped="0" tests="19" time="9.591" timestamp="2026-03-23T20:55:29.707090+00:00" hostname="agent-env-8bae139a-b25f-4fc8-a464-42c915bfba38"><testcase classname="backend.tests.test_crm_api.TestAuth" name="test_login_success" time="0.476" /><testcase classname="backend.tests.test_crm_api.TestAuth" name="test_login_invalid_credentials" time="0.436" /><testcase classname="backend.tests.test_crm_api.TestDashboard" name="test_dashboard_stats" time="1.041" /><testcase classname="backend.tests.test_crm_api.TestQuotes" name="test_get_quotes_paginated" time="0.144" /><testcase classname="backend.tests.test_crm_api.TestQuotes" name="test_search_quotes_by_customer_name" time="0.555" /><testcase classname="backend.tests.test_crm_api.TestQuotes" name="test_search_quotes_by_phone" time="0.622" /><testcase classname="backend.tests.test_crm_api.TestQuotes" name="test_filter_quotes_by_status" time="0.366" /><testcase classname="backend.tests.test_crm_api.TestQuotes" name="test_filter_quotes_by_agent" time="0.240" /><testcase classname="backend.tests.test_crm_api.TestQuotes" name="test_get_single_quote" time="0.267" /><testcase classname="backend.tests.test_crm_api.TestQuotes" name="test_create_quote" time="0.248" /><testcase classname="backend.tests.test_crm_api.TestQuotes" name="test_update_quote" time="0.410" /><testcase classname="backend.tests.test_crm_api.TestConvertToOrder" name="test_convert_quote_to_order" time="0.412" /><testcase classname="backend.tests.test_crm_api.TestConvertToOrder" name="test_convert_already_converted_quote" time="0.387" /><testcase classname="backend.tests.test_crm_api.TestOrders" name="test_get_orders_paginated" time="0.109" /><testcase classname="backend.tests.test_crm_api.TestOrders" name="test_get_single_order" time="0.364" /><testcase classname="backend.tests.test_crm_api.TestOrders" name="test_update_order_status" time="1.024" /><testcase classname="backend.tests.test_crm_api.TestOrders" name="test_update_order_dispatch_fields" time="0.364" /><testcase classname="backend.tests.test_crm_api.TestCleanup" name="test_cleanup_test_quotes" time="1.361" /><testcase classname="backend.tests.test_crm_api.TestCleanup" name="test_cleanup_test_orders" time="0.619" /></testsuite></testsuites>