<?xml version="1.0" encoding="utf-8"?><testsuites name="pytest tests"><testsuite name="pytest" errors="1" failures="0" skipped="0" tests="21" time="44.925" timestamp="2026-03-25T23:32:54.312018+00:00" hostname="agent-env-4acc7c98-19f5-437b-a314-f397ed3a6a81"><testcase classname="backend.tests.test_revenue_enhancements.TestRevenueEnhancements" name="test_dashboard_stats_has_revenue_month_field" time="2.205" /><testcase classname="backend.tests.test_revenue_enhancements.TestRevenueEnhancements" name="test_dashboard_stats_has_my_revenue" time="1.809" /><testcase classname="backend.tests.test_revenue_enhancements.TestRevenueEnhancements" name="test_dashboard_stats_has_revenue_target" time="1.898" /><testcase classname="backend.tests.test_revenue_enhancements.TestRevenueEnhancements" name="test_revenue_admin_summary_without_month_filter" time="1.952" /><testcase classname="backend.tests.test_revenue_enhancements.TestRevenueEnhancements" name="test_revenue_admin_summary_with_month_filter" time="1.690" /><testcase classname="backend.tests.test_revenue_enhancements.TestRevenueEnhancements" name="test_revenue_admin_summary_with_past_month_filter" time="1.707" /><testcase classname="backend.tests.test_revenue_enhancements.TestRevenueEnhancements" name="test_monthly_history_returns_history_array" time="1.888" /><testcase classname="backend.tests.test_revenue_enhancements.TestRevenueEnhancements" name="test_monthly_history_structure" time="1.944" /><testcase classname="backend.tests.test_revenue_enhancements.TestRevenueEnhancements" name="test_monthly_history_with_user_filter" time="2.697" /><testcase classname="backend.tests.test_revenue_enhancements.TestRevenueEnhancements" name="test_update_revenue_entry_deposit_amount" time="4.374" /><testcase classname="backend.tests.test_revenue_enhancements.TestRevenueEnhancements" name="test_update_revenue_entry_payment_method" time="0.472"><error message="failed on setup with &quot;AssertionError: Login failed: The preview environment is not responding. It may be starting up.&#10;  &#10;assert 502 == 200&#10; +  where 502 = &lt;Response [502]&gt;.status_code&quot;">backend/tests/test_revenue_enhancements.py:33: in setup
    assert login_response.status_code == 200, f"Login failed: {login_response.text}"
E   AssertionError: Login failed: The preview environment is not responding. It may be starting up.
E     
E   assert 502 == 200
E    +  where 502 = &lt;Response [502]&gt;.status_code</error></testcase><testcase classname="backend.tests.test_revenue_enhancements.TestRevenueEnhancements" name="test_update_revenue_entry_customer_name" time="3.465" /><testcase classname="backend.tests.test_revenue_enhancements.TestRevenueEnhancements" name="test_update_revenue_entry_notes" time="3.167" /><testcase classname="backend.tests.test_revenue_enhancements.TestRevenueEnhancements" name="test_update_revenue_entry_multiple_fields" time="3.407" /><testcase classname="backend.tests.test_revenue_enhancements.TestRevenueEnhancements" name="test_update_revenue_entry_not_found" time="1.674" /><testcase classname="backend.tests.test_revenue_enhancements.TestRevenueEnhancements" name="test_delete_revenue_entry_creates_and_deletes" time="3.957" /><testcase classname="backend.tests.test_revenue_enhancements.TestRevenueEnhancements" name="test_delete_revenue_entry_not_found" time="2.165" /><testcase classname="backend.tests.test_revenue_enhancements.TestRevenueEnhancements" name="test_get_revenue_forms_list" time="1.687" /><testcase classname="backend.tests.test_revenue_enhancements.TestRevenueEnhancements" name="test_get_revenue_forms_with_user_filter" time="2.404" /><testcase classname="backend.tests.test_revenue_enhancements.TestRevenueNonSuperadminAccess" name="test_non_superadmin_cannot_edit_revenue" time="0.001" /><testcase classname="backend.tests.test_revenue_enhancements.TestRevenueNonSuperadminAccess" name="test_non_superadmin_cannot_delete_revenue" time="0.001" /></testsuite></testsuites>