<?xml version="1.0" encoding="utf-8"?><testsuites name="pytest tests"><testsuite name="pytest" errors="0" failures="0" skipped="0" tests="10" time="12.181" timestamp="2026-03-23T18:34:33.152726+00:00" hostname="agent-env-8bae139a-b25f-4fc8-a464-42c915bfba38"><testcase classname="backend.tests.test_auth_forgot_password.TestLoginFlow" name="test_login_success" time="1.212" /><testcase classname="backend.tests.test_auth_forgot_password.TestLoginFlow" name="test_login_wrong_password" time="0.518" /><testcase classname="backend.tests.test_auth_forgot_password.TestLoginFlow" name="test_login_wrong_username" time="0.558" /><testcase classname="backend.tests.test_auth_forgot_password.TestForgotPasswordFlow" name="test_forgot_password_valid_superadmin" time="0.137" /><testcase classname="backend.tests.test_auth_forgot_password.TestForgotPasswordFlow" name="test_forgot_password_invalid_username" time="0.150" /><testcase classname="backend.tests.test_auth_forgot_password.TestForgotPasswordFlow" name="test_reset_password_wrong_answer" time="0.496" /><testcase classname="backend.tests.test_auth_forgot_password.TestForgotPasswordFlow" name="test_reset_password_success_and_restore" time="2.996" /><testcase classname="backend.tests.test_auth_forgot_password.TestForgotPasswordFlow" name="test_reset_password_short_password" time="0.529" /><testcase classname="backend.tests.test_auth_forgot_password.TestForgotPasswordFlow" name="test_security_answer_case_insensitive" time="2.109" /><testcase classname="backend.tests.test_auth_forgot_password.TestRateLimiting" name="test_rate_limiting_after_5_attempts" time="2.880" /></testsuite></testsuites>