<?xml version="1.0" encoding="utf-8"?><testsuites name="pytest tests"><testsuite name="pytest" errors="0" failures="0" skipped="0" tests="18" time="24.998" timestamp="2026-03-25T20:10:27.033900+00:00" hostname="agent-env-ab6e978e-0158-4fed-ba61-1ee8cf192ead"><testcase classname="backend.tests.test_chat_admin.TestChatSystem" name="test_get_chat_channels" time="2.163" /><testcase classname="backend.tests.test_chat_admin.TestChatSystem" name="test_send_chat_message_all_team" time="0.698" /><testcase classname="backend.tests.test_chat_admin.TestChatSystem" name="test_get_chat_messages" time="0.720" /><testcase classname="backend.tests.test_chat_admin.TestChatSystem" name="test_mark_chat_read" time="0.735" /><testcase classname="backend.tests.test_chat_admin.TestChatSystem" name="test_chat_message_flow" time="1.423" /><testcase classname="backend.tests.test_chat_admin.TestAdminApiKeys" name="test_get_vendor_api_key" time="1.703" /><testcase classname="backend.tests.test_chat_admin.TestAdminApiKeys" name="test_get_vendor_api_key_unauthorized" time="0.735" /><testcase classname="backend.tests.test_chat_admin.TestAdminApiKeys" name="test_regenerate_api_key" time="1.463" /><testcase classname="backend.tests.test_chat_admin.TestAdminApiLogs" name="test_get_api_logs" time="1.753" /><testcase classname="backend.tests.test_chat_admin.TestAdminApiLogs" name="test_get_api_logs_unauthorized" time="0.714" /><testcase classname="backend.tests.test_chat_admin.TestAdminLeadSources" name="test_get_lead_sources" time="1.982" /><testcase classname="backend.tests.test_chat_admin.TestAdminLeadSources" name="test_get_lead_sources_unauthorized" time="0.708" /><testcase classname="backend.tests.test_chat_admin.TestAdminDistribution" name="test_get_distribution_rules" time="1.721" /><testcase classname="backend.tests.test_chat_admin.TestAdminDistribution" name="test_create_distribution_rule" time="1.418" /><testcase classname="backend.tests.test_chat_admin.TestAdminDistribution" name="test_update_distribution_rule" time="1.444" /><testcase classname="backend.tests.test_chat_admin.TestAdminDistribution" name="test_delete_distribution_rule" time="1.416" /><testcase classname="backend.tests.test_chat_admin.TestAdminDistribution" name="test_distribution_unauthorized" time="2.159" /><testcase classname="backend.tests.test_chat_admin.TestCleanup" name="test_cleanup_test_rules" time="1.906" /></testsuite></testsuites>